Removed outlier half sister-A1O36EO0CXIVDD, z-value: 4.12
Removed outlier mail service-A38TZK07ON180S, z-value: 4.50
Removed outlier dust storm-AVJGYPISB8ZPU, z-value: 4.05
Removed outlier insurance company-A2H74STYH3PLT1, z-value: 2000000.00
Removed outlier bow tie-A97VUS7WA0E70, z-value: 2.22
Removed outlier middle school-A97VUS7WA0E70, z-value: 2.32
Removed outlier prison guard-A97VUS7WA0E70, z-value: 4.12
Removed outlier birth rate-A97VUS7WA0E70, z-value: 2.92
Removed outlier entrance hall-A97VUS7WA0E70, z-value: 2.57
Removed outlier bow tie-A3963FCT1PKKOH, z-value: 2.22
Removed outlier nut case-A3963FCT1PKKOH, z-value: 5.94
Removed outlier top dog-A3963FCT1PKKOH, z-value: 2.57
Removed outlier busy bee-A3963FCT1PKKOH, z-value: 2.51
Removed outlier mother tongue-A3963FCT1PKKOH, z-value: 3.40
Removed outlier prison guard-A3963FCT1PKKOH, z-value: 4.12
Removed outlier big fish-A3963FCT1PKKOH, z-value: 2.35
Removed outlier armchair critic-A3RR6HYZ42JAKT, z-value: 6.83
Removed outlier middle school-ABT7QTMIYXYO0, z-value: 2.26
Removed outlier dry land-ABT7QTMIYXYO0, z-value: 2.92
Removed outlier critical review-ABT7QTMIYXYO0, z-value: 2.45
Removed outlier subway system-ABT7QTMIYXYO0, z-value: 3.85
Removed outlier labour union-ABT7QTMIYXYO0, z-value: 3.87
Removed outlier dust storm-ABT7QTMIYXYO0, z-value: 3.66
Removed outlier narrow escape-ABT7QTMIYXYO0, z-value: 2.67
Removed outlier iron collar-ABT7QTMIYXYO0, z-value: 4.62
Removed outlier black cherry-A10N9D9CBT55DX, z-value: 2.27
Removed outlier high life-A1R88CPT9C2YX4, z-value: 2.55
Removed outlier black cherry-A1R88CPT9C2YX4, z-value: 2.27
Removed outlier dirty word-A1R88CPT9C2YX4, z-value: 4.10
Removed outlier noble gas-A1R88CPT9C2YX4, z-value: 4.38
Removed outlier sound judgement-A1R88CPT9C2YX4, z-value: 2.61
Removed outlier lime tree-A1R88CPT9C2YX4, z-value: 10.37
Removed outlier food market-A1R88CPT9C2YX4, z-value: 3.13
Removed outlier life vest-A1R88CPT9C2YX4, z-value: 3.08
Removed outlier net income-A1R88CPT9C2YX4, z-value: 3.87
Removed outlier word painting-A1R88CPT9C2YX4, z-value: 2.21
Removed outlier eager beaver-AVNV337CZ5U8P, z-value: 2.30
Removed outlier narrow escape-AVNV337CZ5U8P, z-value: 2.67
Removed outlier bad hat-AVNV337CZ5U8P, z-value: 3.53
Removed outlier fish story-A2QPJN3LPGTPDU, z-value: 2.23
Removed outlier half wit-A2QPJN3LPGTPDU, z-value: 2.41
Removed outlier birth rate-A2QPJN3LPGTPDU, z-value: 3.62
Removed outlier dry land-AY5O199V9M9O7, z-value: 2.92
Removed outlier computer program-AY5O199V9M9O7, z-value: 3.47
Removed outlier prison term-AY5O199V9M9O7, z-value: 2.24
Removed outlier tennis elbow-AY5O199V9M9O7, z-value: 3.41
Removed outlier elbow room-AY5O199V9M9O7, z-value: 3.35
Removed outlier word painting-AY5O199V9M9O7, z-value: 2.60
Removed outlier nut case-AY5O199V9M9O7, z-value: 6.90
Removed outlier research lab-AY5O199V9M9O7, z-value: 3.74
Removed outlier old timer-AY5O199V9M9O7, z-value: 4.03
Removed outlier phone book-AY5O199V9M9O7, z-value: 3.59
Removed outlier guinea pig-A2A4LHPXF2E2GS, z-value: 3.43
Removed outlier eager beaver-A2A4LHPXF2E2GS, z-value: 2.45
Removed outlier private eye-A2A4LHPXF2E2GS, z-value: 2.35
Removed outlier sex bomb-A2A4LHPXF2E2GS, z-value: 3.85
Removed outlier top dog-A2A4LHPXF2E2GS, z-value: 3.18
Removed outlier mother tongue-A2A4LHPXF2E2GS, z-value: 4.38
Removed outlier old flame-A2A4LHPXF2E2GS, z-value: 2.83
Removed outlier elbow grease-A2A4LHPXF2E2GS, z-value: 2.53
Removed outlier flower child-A2A4LHPXF2E2GS, z-value: 2.67
Removed outlier wet blanket-A2A4LHPXF2E2GS, z-value: 6.01
Removed outlier dust storm-A2GBKUGCFFMU70, z-value: 2.40
Removed outlier divine service-AJ86CAZX0QCE9, z-value: 2.33
Removed outlier health check-AJ86CAZX0QCE9, z-value: 4.81
Removed outlier half sister-AJ86CAZX0QCE9, z-value: 4.12
Removed outlier goose egg-A1EZOOGCM6IF7N, z-value: 2.65
Removed outlier big fish-A3BAXI4K4QXEGU, z-value: 2.35
Removed outlier private eye-A1ZK0SH3406UPY, z-value: 2.35
Removed outlier cooking stove-A1ZK0SH3406UPY, z-value: 4.28
Removed outlier prison term-A1ZK0SH3406UPY, z-value: 2.83
Removed outlier busy bee-A1ZK0SH3406UPY, z-value: 2.51
Removed outlier tennis elbow-A1ZK0SH3406UPY, z-value: 3.41
Removed outlier closed book-A2T6FBH8WR2KYH, z-value: 2.56
Removed outlier cotton candy-A2T6FBH8WR2KYH, z-value: 3.21
Removed outlier goose egg-A2T6FBH8WR2KYH, z-value: 2.65
Removed outlier ancient history-A2T6FBH8WR2KYH, z-value: 2.31
Removed outlier fish story-A2T6FBH8WR2KYH, z-value: 2.83
Removed outlier milk tooth-A2T6FBH8WR2KYH, z-value: 2.63
Removed outlier pocket book-A2T6FBH8WR2KYH, z-value: 2.41
Removed outlier birth rate-A2CGCAQA2IKLRV, z-value: 5.35
Removed outlier market place-A2CGCAQA2IKLRV, z-value: 4.07
Removed outlier dirty word-A2CGCAQA2IKLRV, z-value: 2.69
Removed outlier news agency-A2CGCAQA2IKLRV, z-value: 3.94
Removed outlier dead end-A2CGCAQA2IKLRV, z-value: 2.33
Removed outlier insurance policy-A2CGCAQA2IKLRV, z-value: 2.58
Removed outlier busy bee-A2CGCAQA2IKLRV, z-value: 3.60
Removed outlier pillow slip-A2CGCAQA2IKLRV, z-value: 2.32
Removed outlier health check-A2CGCAQA2IKLRV, z-value: 2.79
Removed outlier baby buggy-A2CGCAQA2IKLRV, z-value: 4.24
Removed outlier sparkling water-A2CGCAQA2IKLRV, z-value: 9.90
Removed outlier record book-A2CGCAQA2IKLRV, z-value: 3.82
Removed outlier cotton candy-AHKGS3PSLRN5K, z-value: 4.10
Removed outlier closed book-AHKGS3PSLRN5K, z-value: 2.56
Removed outlier economic aid-AHKGS3PSLRN5K, z-value: 4.40
Removed outlier phone book-AHKGS3PSLRN5K, z-value: 6.06
Removed outlier health check-A3LC1KRWMHUH9I, z-value: 4.00
Removed outlier news agency-A2LOQRZVA7IDAM, z-value: 2.36
Removed outlier dust storm-A1LTHRFJ669J5O, z-value: 2.66
Removed outlier carpet bombing-A2RMJNF6IPI42F, z-value: 1000000.00
Removed outlier prison term-A2RMJNF6IPI42F, z-value: 2.24
Removed outlier private eye-A2RMJNF6IPI42F, z-value: 3.15
Removed outlier fish story-A2RMJNF6IPI42F, z-value: 2.83
Removed outlier loose woman-A2RMJNF6IPI42F, z-value: 4.12
Removed outlier mental disorder-A2RMJNF6IPI42F, z-value: 4.00
Removed outlier cellular phone-A6RBUNGDITYG9, z-value: 2.60
Removed outlier eternal rest-A6RBUNGDITYG9, z-value: 2.34
Removed outlier sound judgement-A6RBUNGDITYG9, z-value: 2.61
Removed outlier dirty money-A6RBUNGDITYG9, z-value: 3.63
Removed outlier old timer-A6RBUNGDITYG9, z-value: 2.84
Removed outlier bow tie-A1TTZXHXE68Z99, z-value: 2.22
Removed outlier research lab-A1TTZXHXE68Z99, z-value: 5.49
Removed outlier divine service-AWMQYV1RQM94M, z-value: 4.33
Removed outlier dry land-AWMQYV1RQM94M, z-value: 2.24
Removed outlier benign tumour-AWMQYV1RQM94M, z-value: 15.77
Removed outlier top dog-AWMQYV1RQM94M, z-value: 5.41
Removed outlier old hat-AWMQYV1RQM94M, z-value: 4.52
Removed outlier life vest-AWMQYV1RQM94M, z-value: 2.45
Removed outlier close call-AWMQYV1RQM94M, z-value: 2.43
Removed outlier economic aid-AWMQYV1RQM94M, z-value: 2.37
Removed outlier bad hat-AWMQYV1RQM94M, z-value: 7.33
Removed outlier inner circle-AWMQYV1RQM94M, z-value: 3.10
Removed outlier eternal rest-AWMQYV1RQM94M, z-value: 2.34
Removed outlier baby buggy-AWMQYV1RQM94M, z-value: 3.17
Removed outlier insane asylum-AWMQYV1RQM94M, z-value: 4.91
Removed outlier labour union-AWMQYV1RQM94M, z-value: 3.87
Removed outlier eager beaver-AWMQYV1RQM94M, z-value: 6.40
Removed outlier inner product-AWMQYV1RQM94M, z-value: 2.94
Removed outlier prison term-AWMQYV1RQM94M, z-value: 2.24
Removed outlier cooking stove-AWMQYV1RQM94M, z-value: 3.08
Removed outlier pillow slip-AWMQYV1RQM94M, z-value: 3.18
Removed outlier mental disorder-AWMQYV1RQM94M, z-value: 4.00
Removed outlier middle school-AWMQYV1RQM94M, z-value: 2.32
Removed outlier brain teaser-AWMQYV1RQM94M, z-value: 2.49
Removed outlier net income-A1K87WF3VR7SWG, z-value: 2.29
Removed outlier guinea pig-A143I60XRE97LR, z-value: 3.90
Removed outlier elbow grease-A2LKGMMTO4DC4Z, z-value: 2.53
Removed outlier street girl-A33SHODXHA5W1S, z-value: 2.50
Removed outlier cooking stove-A33SHODXHA5W1S, z-value: 3.08
Removed outlier guinea pig-A1J7UXB0IHJM92, z-value: 3.43
Removed outlier front man-A1J7UXB0IHJM92, z-value: 2.80
Removed outlier closed book-AJID5XYTIU6IT, z-value: 2.56
Removed outlier insane asylum-A14WWG6NKBDWGP, z-value: 3.40
Removed outlier old timer-A14WWG6NKBDWGP, z-value: 2.84
Removed outlier foot soldier-A3SAFUVYSCRRV6, z-value: 2.43
Removed outlier grey matter-A3SAFUVYSCRRV6, z-value: 2.37
Removed outlier inner circle-A3SAFUVYSCRRV6, z-value: 3.06
Removed outlier pillow slip-A3SAFUVYSCRRV6, z-value: 2.32
Removed outlier con artist-A3SAFUVYSCRRV6, z-value: 2.39
Removed outlier inner product-A1PJDSGOAYPHE6, z-value: 2.94
Removed outlier birth rate-A1C1V5NOGHGR1O, z-value: 2.92
Removed outlier grey matter-A1C1V5NOGHGR1O, z-value: 2.38
Removed outlier baby buggy-A1C1V5NOGHGR1O, z-value: 2.26
Removed outlier old hat-A1C1V5NOGHGR1O, z-value: 4.04
Removed outlier noble gas-A3MTL0KAY2LTD7, z-value: 2.83
Removed outlier flower child-A3MTL0KAY2LTD7, z-value: 2.67
Removed outlier elbow room-A3MTL0KAY2LTD7, z-value: 3.19
Removed outlier old flame-AIC8CB12DQC0K, z-value: 5.32
Removed outlier dry land-A23ZYWM2WHJI2M, z-value: 2.92
Removed outlier news agency-A23ZYWM2WHJI2M, z-value: 1000000.00
Removed outlier dead end-A23ZYWM2WHJI2M, z-value: 9.19
Removed outlier net income-A23ZYWM2WHJI2M, z-value: 3.87
Removed outlier economic aid-A23ZYWM2WHJI2M, z-value: 4.08
Removed outlier milk tooth-A23ZYWM2WHJI2M, z-value: 3.07
Removed outlier entrance hall-A23ZYWM2WHJI2M, z-value: 2.57
Removed outlier dirty money-A23ZYWM2WHJI2M, z-value: 3.63
Removed outlier armchair critic-A23ZYWM2WHJI2M, z-value: 2.30
Removed outlier fish story-A2V1T71IR4W2LM, z-value: 2.23
Removed outlier grey matter-A2V1T71IR4W2LM, z-value: 2.60
Removed outlier noble gas-A2V1T71IR4W2LM, z-value: 5.34
Removed outlier half wit-A37DM4NGOBKLQJ, z-value: 2.41
Removed outlier divine service-A1FGKIKJYSL1MI, z-value: 2.33
Removed outlier critical review-A1FGKIKJYSL1MI, z-value: 3.92
Removed outlier insurance policy-A1FGKIKJYSL1MI, z-value: 2.58
Removed outlier baby buggy-A9P33OF0LUXAV, z-value: 3.17
Removed outlier cellular phone-A9P33OF0LUXAV, z-value: 3.37
Removed outlier dry wall-A3KKJDVO9DD575, z-value: 2.49
Removed outlier prison term-A3KKJDVO9DD575, z-value: 2.50
Removed outlier dead end-A2JFBHI5CWTQVA, z-value: 2.33
Removed outlier computer program-AT50PYVJTXSO3, z-value: 3.47
Removed outlier dead end-A1Z25XACLIN0FE, z-value: 2.33
Removed outlier mail service-AO2DDAYUZWE0R, z-value: 3.74
Removed outlier critical review-AO2DDAYUZWE0R, z-value: 2.45
Removed outlier sparkling water-AO2DDAYUZWE0R, z-value: 2.50
Removed outlier prison guard-AO2DDAYUZWE0R, z-value: 2.83
Removed outlier dry wall-AO2DDAYUZWE0R, z-value: 2.49
Removed outlier middle school-A2B5IMHREFHIE2, z-value: 2.32
Removed outlier insurance policy-A2B5IMHREFHIE2, z-value: 5.01
Removed outlier busy bee-A2B5IMHREFHIE2, z-value: 2.87
Removed outlier food market-A2B5IMHREFHIE2, z-value: 3.13
Removed outlier closed book-A2B5IMHREFHIE2, z-value: 4.92
Removed outlier word painting-A21HRAFQT4OILB, z-value: 2.60
Removed outlier fish story-AJT341EBAZFUQ, z-value: 2.83
Removed outlier research lab-A3MIIUL4O2DPY7, z-value: 3.74
Removed outlier armchair critic-A3MIIUL4O2DPY7, z-value: 2.57
Removed outlier noble gas-A2P7LS0DT6QM6X, z-value: 2.33
Removed outlier street girl-A3J2B5DGYKD06P, z-value: 3.02
Removed outlier prison guard-A3J2B5DGYKD06P, z-value: 2.83
Removed outlier bow tie-A2FSQBC1OU8WN8, z-value: 2.22
Removed outlier private eye-A2FSQBC1OU8WN8, z-value: 4.64
Removed outlier dry wall-A2FSQBC1OU8WN8, z-value: 4.07
Removed outlier con artist-A2FSQBC1OU8WN8, z-value: 6.50
Removed outlier top dog-AJ6W4JZRVBQWT, z-value: 3.18
Removed outlier elbow room-AJ6W4JZRVBQWT, z-value: 3.19
Removed outlier old hat-AJ6W4JZRVBQWT, z-value: 1000000.00
Removed outlier fish story-AJ6W4JZRVBQWT, z-value: 2.23
Removed outlier silver lining-AJ6W4JZRVBQWT, z-value: 3.94
Removed outlier loan shark-AJ6W4JZRVBQWT, z-value: 3.12
Removed outlier elbow grease-AJ6W4JZRVBQWT, z-value: 8.25
Removed outlier carpet bombing-AJ6W4JZRVBQWT, z-value: 3.04
Removed outlier eager beaver-AJ6W4JZRVBQWT, z-value: 5.25
Removed outlier busy bee-AJ6W4JZRVBQWT, z-value: 2.87
Removed outlier old flame-AJ6W4JZRVBQWT, z-value: 2.83
Removed outlier big fish-AJ6W4JZRVBQWT, z-value: 3.09
Removed outlier armchair critic-AJ6W4JZRVBQWT, z-value: 2.79
Removed outlier sex bomb-AJ6W4JZRVBQWT, z-value: 6.01
Removed outlier word painting-AJ6W4JZRVBQWT, z-value: 2.80
Removed outlier dead end-A3RR91G2KJO9NI, z-value: 3.38
Removed outlier subway system-A2NX7CFCV3MUOS, z-value: 3.73
Removed outlier economic aid-A3BBPCRHAJ61PP, z-value: 2.35
Removed outlier birth rate-A2JB6Y8YPN0SKP, z-value: 2.92
Removed outlier prison term-A2JB6Y8YPN0SKP, z-value: 2.24
Removed outlier busy bee-A2JB6Y8YPN0SKP, z-value: 2.87
Removed outlier news agency-A2CPBDUGX4QF2C, z-value: 2.32
Removed outlier pillow slip-A2CPBDUGX4QF2C, z-value: 3.18
Removed outlier disc jockey-A2CPBDUGX4QF2C, z-value: 3.59
Removed outlier loan shark-AZY98OZD4CD3T, z-value: 9.09
Removed outlier old flame-AB98SGS280TY5, z-value: 2.83
Removed outlier record book-AB98SGS280TY5, z-value: 3.73
Removed outlier loose woman-AB98SGS280TY5, z-value: 4.12
Removed outlier half wit-AB98SGS280TY5, z-value: 2.51
Removed outlier iron collar-AB98SGS280TY5, z-value: 3.30
Removed outlier goose egg-AB98SGS280TY5, z-value: 3.45
Removed 233/1690 (13.79%) outliers


Removing all 4 annotations of A38TZK07ON180S, rho=-0.258198889747 on head
Removing all 4 annotations of ACH8XI8YFEAAW, rho=0.2 on headmodifier
Removing all 18 annotations of A1R88CPT9C2YX4, rho=0.478226391671 on modifier
Removing all 4 annotations of A33SHODXHA5W1S, rho=0.258198889747 on modifier
Removing all 10 annotations of A1C1V5NOGHGR1O, rho=0.399924772638 on head
Removing all 4 annotations of A1CZ9W0THA4F9M, rho=0.316227766017 on headmodifier
Removed 44/1457 (3.02%) answers of 6/124 (4.84%) annotators

Average rho with average of others:
  * headmodifier: 0.43
  * head: 0.45
  * modifier: 0.44
Data retention rate 1413/1690: 83.61%
Total equivalents: 2067
