Removed outlier trabalho braçal-westhell992912, z-value: 2.84
Removed outlier mau-humor-timm-do-770267, z-value: 2.47
Removed outlier novo-rico-timm-do-770267, z-value: 2.83
Removed outlier farinha integral-timm-do-770267, z-value: 2.27
Removed outlier pau-mandado-timm-do-770267, z-value: 3.40
Removed outlier água mineral-timm-do-770267, z-value: 3.04
Removed outlier papel higiênico-timm-do-770267, z-value: 3.27
Removed outlier trabalho braçal-timm-do-770267, z-value: 3.60
Removed outlier bode expiatório-timm-do-770267, z-value: 2.79
Removed outlier sangue azul-timm-do-770267, z-value: 2.34
Removed outlier máquina virtual-timm-do-770267, z-value: 2.24
Removed outlier novo-rico-keglevic399443, z-value: 2.31
Removed outlier sexto sentido-caselihe662833, z-value: 2.35
Removed outlier caixa-forte-caselihe662833, z-value: 3.09
Removed outlier sangue frio-caselihe662833, z-value: 2.53
Removed outlier pé-frio-caselihe662833, z-value: 7.99
Removed outlier classe executiva-caselihe662833, z-value: 2.42
Removed outlier primeiro ministro-caselihe662833, z-value: 3.89
Removed outlier alarme falso-caselihe662833, z-value: 2.41
Removed outlier sala cirúrgica-gutterre427311, z-value: 3.19
Removed outlier pé quente-azevedo-410116, z-value: 3.39
Removed outlier companhia aérea-azevedo-410116, z-value: 2.34
Removed outlier círculo virtuoso-azevedo-410116, z-value: 2.26
Removed outlier primeira mão-azevedo-410116, z-value: 3.02
Removed outlier farinha integral-azevedo-410116, z-value: 4.40
Removed outlier reta final-azevedo-410116, z-value: 2.42
Removed outlier arma branca-azevedo-410116, z-value: 2.33
Removed outlier pau-mandado-azevedo-410116, z-value: 2.89
Removed outlier tartaruga-marinha-azevedo-410116, z-value: 6.16
Removed outlier pão-duro-azevedo-410116, z-value: 3.88
Removed outlier tela plana-azevedo-410116, z-value: 3.00
Removed outlier leite integral-azevedo-410116, z-value: 2.73
Removed outlier braço direito-azevedo-410116, z-value: 3.19
Removed outlier pente fino-azevedo-410116, z-value: 2.65
Removed outlier batata-doce-azevedo-410116, z-value: 2.45
Removed outlier sangue frio-figueirm851181, z-value: 3.31
Removed outlier prato feito-figueirm851181, z-value: 2.40
Removed outlier núcleo atômico-figueirm851181, z-value: 4.10
Removed outlier alarme falso-figueirm851181, z-value: 2.41
Removed outlier trabalho braçal-figueirm851181, z-value: 3.60
Removed outlier pronto-socorro-figueirm851181, z-value: 2.33
Removed outlier golpe baixo-figueirm851181, z-value: 2.56
Removed outlier pronto-socorro-cordeiro737444, z-value: 2.33
Removed outlier lua cheia-cordeiro737444, z-value: 5.57
Removed outlier olho mágico-cordeiro737444, z-value: 2.45
Removed outlier pastor alemão-cordeiro737444, z-value: 2.37
Removed outlier arma branca-cordeiro737444, z-value: 2.81
Removed outlier circuito integrado-cordeiro737444, z-value: 3.36
Removed outlier longa-metragem-cordeiro737444, z-value: 2.55
Removed outlier caixa-preta-cordeiro737444, z-value: 2.73
Removed outlier arma branca-bandeira146580, z-value: 2.33
Removed outlier fio condutor-bandeira146580, z-value: 2.56
Removed outlier tartaruga-marinha-bandeira146580, z-value: 6.16
Removed outlier colégio militar-bandeira146580, z-value: 2.61
Removed outlier centro comercial-bandeira146580, z-value: 2.26
Removed outlier café colonial-bandeira146580, z-value: 3.14
Removed outlier roleta russa-cezimbra145809, z-value: 2.27
Removed outlier centro espírita-cezimbra145809, z-value: 3.36
Removed outlier vinho branco-cezimbra145809, z-value: 2.56
Removed outlier vista grossa-cezimbra145809, z-value: 3.56
Removed outlier exame clínico-uhiarara697192, z-value: 2.49
Removed outlier roleta russa-uhiarara697192, z-value: 2.46
Removed outlier carne branca-uhiarara697192, z-value: 5.39
Removed outlier salão paroquial-uhiarara697192, z-value: 2.84
Removed outlier escada rolante-uhiarara697192, z-value: 2.41
Removed outlier pão-duro-uhiarara697192, z-value: 6.05
Removed outlier leite integral-uhiarara697192, z-value: 4.54
Removed outlier roda gigante-uhiarara697192, z-value: 2.81
Removed outlier exames laboratoriais-uhiarara697192, z-value: 3.32
Removed outlier gripe aviária-uhiarara697192, z-value: 2.69
Removed outlier alto-falante-uhiarara697192, z-value: 2.54
Removed outlier tela plana-uhiarara697192, z-value: 5.13
Removed outlier processo seletivo-uhiarara697192, z-value: 2.30
Removed outlier olho mágico-uhiarara697192, z-value: 3.47
Removed outlier governo federal-uhiarara697192, z-value: 16.27
Removed outlier papel higiênico-uhiarara697192, z-value: 4.01
Removed outlier batata-doce-uhiarara697192, z-value: 3.36
Removed outlier roleta russa-bertonce646486, z-value: 2.99
Removed outlier núcleo atômico-bertonce646486, z-value: 5.83
Removed outlier longa data-bertonce646486, z-value: 2.43
Removed outlier cerca viva-bertonce646486, z-value: 2.72
Removed outlier olho gordo-alvesnat151880, z-value: 2.48
Removed outlier deputado federal-hagemann263046, z-value: 8.02
Removed outlier mau-olhado-hagemann263046, z-value: 2.49
Removed outlier planta baixa-hagemann263046, z-value: 3.11
Removed outlier núcleo atômico-hagemann263046, z-value: 6.74
Removed outlier alarme falso-timmaugu172991, z-value: 2.24
Removed outlier ano-novo-gosmaria461581, z-value: 2.89
Removed outlier sexto sentido-gomesfer248935, z-value: 2.31
Removed outlier sétima arte-barufi-v725078, z-value: 3.33
Removed outlier disco voador-barufi-v725078, z-value: 2.37
Removed outlier exame clínico-bassanie398782, z-value: 5.71
Removed outlier rede social-bassanie398782, z-value: 2.30
Removed outlier vinho tinto-bassanie398782, z-value: 3.06
Removed outlier carne branca-bassanie398782, z-value: 2.28
Removed outlier fio condutor-bassanie398782, z-value: 2.26
Removed outlier ponto cego-bassanie398782, z-value: 2.27
Removed outlier caixa-forte-bassanie398782, z-value: 3.09
Removed outlier terceira idade-bassanie398782, z-value: 3.53
Removed outlier coluna social-bassanie398782, z-value: 2.22
Removed outlier disco voador-bassanie398782, z-value: 5.16
Removed outlier café colonial-bassanie398782, z-value: 2.50
Removed outlier longa-metragem-bassanie398782, z-value: 2.96
Removed outlier trabalho escravo-bassanie398782, z-value: 2.61
Removed outlier ficha limpa-bassanie398782, z-value: 2.41
Removed outlier carne vermelha-bassanie398782, z-value: 2.75
Removed outlier tapete vermelho-bassanie398782, z-value: 3.02
Removed outlier guarda-florestal-bassanie398782, z-value: 3.21
Removed outlier círculo virtuoso-ramischr180748, z-value: 2.23
Removed outlier alto mar-weber-ma674880, z-value: 3.45
Removed outlier coração partido-weber-ma674880, z-value: 2.99
Removed outlier cheiro-verde-weber-ma674880, z-value: 4.45
Removed outlier pé quente-weber-ma674880, z-value: 3.39
Removed outlier pente fino-weber-ma674880, z-value: 2.20
Removed outlier primeira-dama-weber-ma674880, z-value: 2.61
Removed outlier disco rígido-weber-ma674880, z-value: 2.52
Removed outlier amigo oculto-weber-ma674880, z-value: 2.27
Removed outlier companhia aérea-menesesa757181, z-value: 4.83
Removed outlier alto mar-menesesa757181, z-value: 3.45
Removed outlier saia justa-menesesa757181, z-value: 2.66
Removed outlier cheiro-verde-menesesa757181, z-value: 3.14
Removed outlier maré baixa-menesesa757181, z-value: 2.21
Removed outlier longa-metragem-menesesa757181, z-value: 2.55
Removed outlier mau contato-menesesa757181, z-value: 2.27
Removed outlier classe executiva-menesesa757181, z-value: 2.42
Removed outlier roleta russa-oliveira159796, z-value: 2.99
Removed outlier príncipe encantado-oliveira159796, z-value: 2.43
Removed outlier pastor alemão-oliveira159796, z-value: 3.32
Removed outlier mercado negro-zilioleo530075, z-value: 2.44
Removed outlier pé-direito-zilioleo530075, z-value: 5.88
Removed outlier terceira pessoa-zilioleo530075, z-value: 2.23
Removed outlier má-fé-zilioleo530075, z-value: 2.71
Removed outlier magia negra-zilioleo530075, z-value: 2.25
Removed outlier bode expiatório-zilioleo530075, z-value: 4.85
Removed outlier longa data-zilioleo530075, z-value: 2.43
Removed outlier pente fino-bertoldo384666, z-value: 2.65
Removed outlier ovelha negra-bertoldo384666, z-value: 3.45
Removed outlier corda bamba-bertireb371996, z-value: 3.48
Removed outlier pente fino-bertireb371996, z-value: 2.20
Removed outlier conta-corrente-bertireb371996, z-value: 2.46
Removed outlier roda gigante-wolfartm372138, z-value: 2.38
Removed outlier desfile militar-wolfartm372138, z-value: 3.27
Removed outlier carro-forte-wolfartm372138, z-value: 2.41
Removed outlier relógio biológico-wolfartm372138, z-value: 3.05
Removed outlier governo federal-battirol815585, z-value: 3.87
Removed outlier vôo internacional-battirol815585, z-value: 2.36
Removed outlier algodão-doce-battirol815585, z-value: 2.28
Removed outlier mau contato-wolfartm829091, z-value: 2.27
Removed outlier gatos-pingados-kenjiand439387, z-value: 2.87
Removed outlier corda bamba-kenjiand439387, z-value: 2.46
Removed outlier alta temporada-kenjiand439387, z-value: 2.33
Removed outlier alto mar-kenjiand439387, z-value: 2.47
Removed outlier pavio curto-kenjiand439387, z-value: 3.06
Removed outlier mau-olhado-kenjiand439387, z-value: 2.80
Removed outlier montanha-russa-kenjiand439387, z-value: 2.99
Removed outlier cordas vocais-kenjiand439387, z-value: 2.48
Removed outlier buraco negro-kenjiand439387, z-value: 2.22
Removed outlier segundas intenções-kenjiand439387, z-value: 2.60
Removed outlier café colonial-kenjiand439387, z-value: 2.49
Removed outlier alto-falante-kenjiand439387, z-value: 2.76
Removed outlier navio negreiro-silva-de656194, z-value: 1000000.00
Removed outlier acampamento militar-silva-de656194, z-value: 2.45
Removed outlier gatos-pingados-villatia477344, z-value: 2.87
Removed outlier papel higiênico-villatia477344, z-value: 4.10
Removed outlier pé-frio-villatia477344, z-value: 2.40
Removed outlier cerca viva-villatia477344, z-value: 2.70
Removed outlier maré baixa-villatia477344, z-value: 2.21
Removed outlier exame clínico-villatia477344, z-value: 2.49
Removed outlier regime político-villatia477344, z-value: 2.67
Removed outlier desfile militar-villatia477344, z-value: 4.52
Removed outlier guarda-florestal-villatia477344, z-value: 3.21
Removed outlier água doce-nascimen330722, z-value: 2.26
Removed outlier relógio analógico-pillalae116039, z-value: 3.44
Removed outlier fila indiana-paespaul873441, z-value: 3.33
Removed outlier amigo secreto-bassani-451332, z-value: 2.39
Removed outlier sentença judicial-bassani-451332, z-value: 4.36
Removed outlier livre-docente-bassani-451332, z-value: 5.36
Removed outlier trabalho escravo-bassani-451332, z-value: 2.61
Removed outlier primeira infância-bassani-451332, z-value: 2.90
Removed outlier juízo final-bassani-451332, z-value: 2.63
Removed outlier exames laboratoriais-bassani-451332, z-value: 10.96
Removed outlier leite integral-bassani-451332, z-value: 2.73
Removed outlier amigo oculto-bassani-451332, z-value: 2.27
Removed outlier mau-olhado-bassani-451332, z-value: 2.49
Removed outlier mar aberto-bassani-451332, z-value: 6.97
Removed outlier gripe suína-bassani-451332, z-value: 6.46
Removed outlier abalo sísmico-bassani-451332, z-value: 2.24
Removed outlier água mineral-bassani-451332, z-value: 3.22
Removed outlier curto-circuito-bassani-451332, z-value: 2.61
Removed outlier cordas vocais-bassani-451332, z-value: 5.02
Removed outlier pólo-aquático-bassani-451332, z-value: 4.90
Removed outlier estrela cadente-bassani-451332, z-value: 2.70
Removed outlier relógio analógico-bassani-451332, z-value: 19.46
Removed outlier ponto fraco-bassani-451332, z-value: 2.59
Removed outlier queda livre-bassani-451332, z-value: 2.82
Removed outlier buraco negro-bassani-451332, z-value: 2.32
Removed outlier máquina virtual-bassani-451332, z-value: 4.27
Removed outlier vinho tinto-bassani-451332, z-value: 3.06
Removed outlier ponto cego-bassani-451332, z-value: 2.27
Removed outlier círculo vicioso-bassani-451332, z-value: 2.21
Removed outlier efeitos especiais-bassani-451332, z-value: 2.29
Removed outlier magia negra-bassani-451332, z-value: 2.63
Removed outlier conta-corrente-bassani-451332, z-value: 5.70
Removed outlier exame clínico-bassani-451332, z-value: 2.47
Removed outlier sala cirúrgica-bassani-451332, z-value: 4.72
Removed outlier força bruta-bassani-451332, z-value: 2.58
Removed outlier trabalho braçal-bassani-451332, z-value: 3.28
Removed outlier escada rolante-bassani-451332, z-value: 3.79
Removed outlier lista negra-bassani-451332, z-value: 3.00
Removed outlier príncipe encantado-bassani-451332, z-value: 2.23
Removed outlier fila indiana-bassani-451332, z-value: 16.58
Removed outlier gripe aviária-bassani-451332, z-value: 2.46
Removed outlier amor-próprio-bassani-451332, z-value: 3.39
Removed outlier carne vermelha-bassani-451332, z-value: 2.75
Removed outlier lua nova-bassani-451332, z-value: 10.45
Removed outlier gatos-pingados-lealluca988856, z-value: 2.87
Removed outlier sangue quente-lealluca988856, z-value: 3.32
Removed outlier montanha-russa-lealluca988856, z-value: 2.99
Removed outlier coração partido-lealluca988856, z-value: 3.28
Removed outlier pente fino-lealluca988856, z-value: 2.36
Removed outlier curto-circuito-lealluca988856, z-value: 2.54
Removed outlier planta baixa-lealluca988856, z-value: 3.12
Removed outlier sangue azul-lealluca988856, z-value: 2.34
Removed outlier acampamento militar-lealluca988856, z-value: 2.34
Removed outlier puro-sangue-lealluca988856, z-value: 2.23
Removed outlier algodão-doce-lealluca988856, z-value: 2.28
Removed outlier olho gordo-lealluca988856, z-value: 4.88
Removed outlier pé-frio-lopesbet380296, z-value: 4.56
Removed outlier olho mágico-lopesbet380296, z-value: 3.47
Removed outlier tela plana-lopesbet380296, z-value: 3.13
Removed outlier pavio curto-lopesbet380296, z-value: 3.52
Removed outlier sangue azul-lopesbet380296, z-value: 6.75
Removed outlier mão-fechada-lopesbet380296, z-value: 3.04
Removed outlier reta final-machadov483398, z-value: 2.42
Removed outlier pão-duro-machadov483398, z-value: 3.88
Removed outlier água doce-machadov483398, z-value: 2.26
Removed outlier tiro livre-machadov483398, z-value: 2.40
Removed outlier arma branca-machadov483398, z-value: 2.33
Removed outlier olho mágico-machadov483398, z-value: 2.45
Removed outlier elefante branco-machadov483398, z-value: 3.90
Removed outlier viva voz-machadov483398, z-value: 2.83
Removed outlier guarda-florestal-machadov483398, z-value: 6.23
Removed outlier olho gordo-machadov483398, z-value: 3.20
Removed outlier exames laboratoriais-delazeri855737, z-value: 3.32
Removed outlier roleta russa-delazeri855737, z-value: 2.27
Removed outlier vaca louca-delazeri855737, z-value: 2.65
Removed outlier mau-humor-delazeri855737, z-value: 3.06
Removed outlier lua nova-delazeri855737, z-value: 2.30
Removed outlier novo mundo-costa-go563126, z-value: 3.17
Removed outlier mercado negro-costa-go563126, z-value: 2.52
Removed outlier ato falho-costa-go563126, z-value: 2.27
Removed outlier terceira idade-costa-go563126, z-value: 2.43
Removed outlier terceira pessoa-costa-go563126, z-value: 2.23
Removed outlier processo seletivo-costa-go563126, z-value: 5.40
Removed outlier direitos humanos-costa-go563126, z-value: 2.28
Removed outlier ovelha negra-costa-go563126, z-value: 3.45
Removed outlier fio condutor-costa-go563126, z-value: 2.56
Removed outlier primeira mão-pittolga536346, z-value: 4.90
Removed outlier montanha-russa-pittolga536346, z-value: 2.99
Removed outlier príncipe encantado-pittolga536346, z-value: 2.43
Removed outlier maré baixa-pittolga536346, z-value: 3.65
Removed outlier segundo plano-pittolga536346, z-value: 2.53
Removed outlier lua nova-pittolga536346, z-value: 2.30
Removed outlier novo-rico-moitaeri153207, z-value: 2.83
Removed outlier primeira necessidade-moitaeri153207, z-value: 2.78
Removed outlier ônibus executivo-moitaeri153207, z-value: 2.58
Removed outlier saia justa-moitaeri153207, z-value: 4.24
Removed outlier pé quente-moitaeri153207, z-value: 4.39
Removed outlier quadro-negro-moitaeri153207, z-value: 4.00
Removed outlier golpe baixo-moitaeri153207, z-value: 2.42
Removed outlier mau-humor-melobarb303824, z-value: 2.47
Removed outlier agente secreto-melobarb303824, z-value: 3.04
Removed outlier ponto forte-melloana420786, z-value: 2.46
Removed outlier juízo final-melloana420786, z-value: 2.23
Removed outlier pau-mandado-melloana420786, z-value: 4.10
Removed outlier vôo internacional-silvaric411005, z-value: 2.36
Removed outlier pé-frio-silvaric411005, z-value: 2.40
Removed outlier maré baixa-silvaric411005, z-value: 3.65
Removed outlier processo seletivo-silvaric411005, z-value: 2.30
Removed outlier sentença judicial-tonialvi576001, z-value: 2.25
Removed outlier papel higiênico-tonialvi576001, z-value: 2.73
Removed outlier vôo internacional-tonialvi576001, z-value: 4.18
Removed outlier água mineral-tonialvi576001, z-value: 3.22
Removed outlier maré baixa-tonialvi576001, z-value: 2.21
Removed outlier lua cheia-tonialvi576001, z-value: 5.57
Removed outlier tela plana-tonialvi576001, z-value: 3.00
Removed outlier salão paroquial-tonialvi576001, z-value: 2.71
Removed outlier pau-mandado-tonialvi576001, z-value: 2.89
Removed outlier colégio militar-tonialvi576001, z-value: 2.61
Removed outlier desfile militar-tonialvi576001, z-value: 3.27
Removed outlier sangue quente-monteiro587629, z-value: 2.39
Removed outlier braço direito-monteiro587629, z-value: 2.27
Removed outlier mau-olhado-monteiro587629, z-value: 2.49
Removed outlier livro aberto-monteiro587629, z-value: 2.84
Removed outlier pé quente-monteiro587629, z-value: 4.39
Removed outlier fio condutor-monteiro587629, z-value: 2.26
Removed outlier peso morto-monteiro587629, z-value: 2.88
Removed outlier amigo secreto-rodrigue420313, z-value: 2.39
Removed outlier exames laboratoriais-rodrigue420313, z-value: 3.32
Removed outlier pé-direito-rodrigue420313, z-value: 2.72
Removed outlier círculo vicioso-rodrigue420313, z-value: 2.33
Removed outlier navio negreiro-rodrigue420313, z-value: 2.33
Removed outlier curto-circuito-vilalius381432, z-value: 2.39
Removed outlier lugar-comum-vilalius381432, z-value: 2.41
Removed outlier má-fé-vilalius381432, z-value: 2.71
Removed outlier força bruta-vilalius381432, z-value: 2.58
Removed outlier pau-mandado-vilalius381432, z-value: 2.79
Removed outlier mau-humor-vilalius381432, z-value: 2.47
Removed outlier ônibus executivo-alvesvic300010, z-value: 9.63
Removed outlier exame clínico-alvesvic300010, z-value: 2.49
Removed outlier água doce-alvesvic300010, z-value: 18.09
Removed outlier sistema político-alvesvic300010, z-value: 2.37
Removed outlier direitos humanos-alvesvic300010, z-value: 3.60
Removed outlier vinho tinto-alvesvic300010, z-value: 2000000.00
Removed outlier gatos-pingados-alvesvic300010, z-value: 2.87
Removed outlier secretária eletrônica-alvesvic300010, z-value: 10.21
Removed outlier segundas intenções-alvesvic300010, z-value: 4.02
Removed outlier deputado federal-alvesvic300010, z-value: 11.37
Removed outlier carro-forte-alvesvic300010, z-value: 4.69
Removed outlier salão paroquial-alvesvic300010, z-value: 5.72
Removed outlier quadro-negro-alvesvic300010, z-value: 4.00
Removed outlier voto secreto-alvesvic300010, z-value: 16.80
Removed outlier primeiro ministro-alvesvic300010, z-value: 3.89
Removed outlier alarme falso-alvesvic300010, z-value: 2.26
Removed outlier colégio militar-alvesvic300010, z-value: 2.65
Removed outlier centro comercial-alvesvic300010, z-value: 4.22
Removed outlier regime político-alvesvic300010, z-value: 2.41
Removed outlier amor-próprio-alvesvic300010, z-value: 2.30
Removed outlier olho mágico-alvesvic300010, z-value: 2.45
Removed outlier coluna social-alvesvic300010, z-value: 2.33
Removed outlier comida caseira-alvesvic300010, z-value: 19.06
Removed outlier conta-corrente-alvesvic300010, z-value: 2.36
Removed outlier primeira necessidade-alvesvic300010, z-value: 5.28
Removed outlier relógio biológico-alvesvic300010, z-value: 3.05
Removed outlier batata-doce-alvesvic300010, z-value: 2.21
Removed outlier vinho branco-alvesvic300010, z-value: 3000000.00
Removed outlier elefante branco-alvesvic300010, z-value: 4.76
Removed outlier voto secreto-jantsch-828013, z-value: 3.34
Removed outlier círculo vicioso-belorica166965, z-value: 2.21
Removed outlier pastor alemão-belorica166965, z-value: 2.37
Removed outlier carta aberta-rodrigue994273, z-value: 3.11
Removed outlier centro espírita-rodrigue994273, z-value: 2.56
Removed outlier conta-corrente-rodrigue994273, z-value: 2.46
Removed outlier pavio curto-rodrigue994273, z-value: 3.52
Removed outlier braço direito-rodrigue994273, z-value: 5.24
Removed outlier abalo sísmico-rodrigue994273, z-value: 3.49
Removed outlier sangue quente-rodrigue994273, z-value: 3.50
Removed outlier montanha-russa-rodrigue994273, z-value: 3.39
Removed outlier câmara fria-rodrigue994273, z-value: 7.21
Removed outlier primeira-dama-giozzagi638117, z-value: 2.50
Removed outlier círculo vicioso-giozzagi638117, z-value: 2.21
Removed outlier alta-costura-giozzagi638117, z-value: 3.25
Removed outlier cheiro-verde-cattanig213223, z-value: 2.51
Removed outlier roda gigante-zanetteb131340, z-value: 2.38
Removed outlier pronto-socorro-zanetteb131340, z-value: 2.33
Removed outlier mau contato-zanetteb131340, z-value: 3.34
Removed outlier primeira necessidade-zanetteb131340, z-value: 2.63
Removed outlier sexto sentido-ferreraf734739, z-value: 2.45
Removed outlier farinha integral-ferreraf734739, z-value: 2.27
Removed outlier febre amarela-ferreraf734739, z-value: 3.04
Removed outlier salão paroquial-ferreraf996344, z-value: 2.84
Removed outlier príncipe encantado-ferreraf996344, z-value: 2.23
Removed outlier núcleo atômico-ferreraf996344, z-value: 2.78
Removed outlier processo seletivo-ferreraf996344, z-value: 2.30
Removed outlier máquina virtual-ferreraf996344, z-value: 2.62
Removed outlier trabalho escravo-kellingd139791, z-value: 2.61
Removed outlier sexto sentido-kellingd139791, z-value: 2.45
Removed outlier fio condutor-kellingd139791, z-value: 2.26
Removed outlier ar condicionado-kellingd139791, z-value: 2.27
Removed outlier centro comercial-kellingd139791, z-value: 2.69
Removed outlier regime político-kellingd139791, z-value: 3.03
Removed outlier lugar-comum-kellingd139791, z-value: 2.41
Removed outlier magia negra-kellingd139791, z-value: 2.63
Removed outlier alto-falante-kellingd139791, z-value: 2.41
Removed outlier golpe baixo-kellingd139791, z-value: 2.56
Removed outlier queda livre-kellingd139791, z-value: 2.82
Removed outlier disco rígido-kellingd139791, z-value: 2.52
Removed outlier amigo secreto-oliveira653729, z-value: 2.49
Removed outlier primeira-dama-oliveira653729, z-value: 2.50
Removed outlier pente fino-oliveira653729, z-value: 3.43
Removed outlier maré baixa-godolphi701783, z-value: 2.84
Removed outlier arma branca-godolphi701783, z-value: 2.81
Removed outlier tela plana-godolphi701783, z-value: 3.74
Removed outlier circuito integrado-godolphi701783, z-value: 4.67
Removed outlier exame clínico-godolphi701783, z-value: 2.49
Removed outlier água doce-rodrigue180023, z-value: 2.26
Removed outlier gripe aviária-rodrigue180023, z-value: 2.46
Removed outlier disco voador-rodrigue180023, z-value: 3.57
Removed outlier tela plana-rodrigue180023, z-value: 3.00
Removed outlier carne vermelha-rodrigue180023, z-value: 2.75
Removed outlier buraco negro-rodrigue180023, z-value: 2.32
Removed outlier mau contato-rodrigue180023, z-value: 2.24
Removed outlier círculo virtuoso-medeiros684944, z-value: 2.23
Removed outlier batata-doce-medeiros684944, z-value: 2.21
Removed outlier cheiro-verde-medeiros684944, z-value: 2.51
Removed outlier má-fé-medeiros684944, z-value: 2.71
Removed outlier ar condicionado-medeiros684944, z-value: 2.27
Removed outlier príncipe encantado-medeiros684944, z-value: 2.43
Removed outlier nó cego-zilioleo212942, z-value: 2.60
Removed outlier alto mar-zilioleo212942, z-value: 2.47
Removed outlier ponto forte-zilioleo212942, z-value: 2.22
Removed outlier mercado negro-zilioleo212942, z-value: 3.59
Removed outlier primeira-dama-zilioleo212942, z-value: 2.61
Removed outlier sangue azul-zilioleo212942, z-value: 3.70
Removed outlier sexto sentido-zilioleo212942, z-value: 2.35
Removed outlier magia negra-zilioleo212942, z-value: 2.25
Removed outlier bode expiatório-zilioleo212942, z-value: 2.79
Removed outlier lista negra-zilioleo212942, z-value: 3.85
Removed outlier novo-rico-barrosgr760197, z-value: 2.31
Removed outlier alta temporada-barrosgr760197, z-value: 2.69
Removed outlier câmara fria-barrosgr760197, z-value: 2.28
Removed outlier vôo doméstico-barrosgr760197, z-value: 2.56
Removed outlier água mineral-barrosgr760197, z-value: 12.65
Removed outlier pão-duro-barrosgr760197, z-value: 3.93
Removed outlier sétima arte-barrosgr760197, z-value: 3.33
Removed outlier núcleo atômico-barrosgr760197, z-value: 5.83
Removed outlier primeira necessidade-barrosgr760197, z-value: 2.78
Removed outlier alarme falso-barrosgr760197, z-value: 2.26
Removed outlier centro comercial-barrosgr760197, z-value: 2.26
Removed outlier efeitos especiais-barrosgr760197, z-value: 2.74
Removed outlier carro-forte-barrosgr760197, z-value: 2.41
Removed outlier maré alta-barrosgr760197, z-value: 4.18
Removed outlier caixeiro viajante-barrosgr760197, z-value: 2.37
Removed outlier febre amarela-barrosgr760197, z-value: 4.54
Removed outlier centro comercial-kurpiels403993, z-value: 2.69
Removed outlier água mineral-kurpiels403993, z-value: 4.06
Removed outlier prato feito-kurpiels403993, z-value: 2.40
Removed outlier primeira infância-kurpiels403993, z-value: 2.90
Removed outlier caixeiro viajante-cattanit852806, z-value: 2.37
Removed outlier batata-doce-cattanit852806, z-value: 2.45
Removed outlier bebida alcoólica-cattanit852806, z-value: 6.40
Removed outlier príncipe encantado-cattanit852806, z-value: 2.23
Removed outlier carne vermelha-cattanit852806, z-value: 2.75
Removed outlier nó cego-alvesvic443186, z-value: 3.07
Removed outlier rede social-alvesvic443186, z-value: 3.57
Removed outlier alarme falso-alvesvic443186, z-value: 2.26
Removed outlier leite integral-alvesvic443186, z-value: 1000000.00
Removed outlier cerca viva-alvesvic443186, z-value: 2.70
Removed outlier vinho branco-alvesvic443186, z-value: 2.56
Removed outlier vôo internacional-alvesvic443186, z-value: 4.18
Removed outlier círculo virtuoso-alvesvic443186, z-value: 2.23
Removed outlier tempo real-alvesvic443186, z-value: 2.47
Removed outlier mar aberto-alvesvic443186, z-value: 2.78
Removed outlier pólo-aquático-alvesvic443186, z-value: 4.90
Removed outlier ficha limpa-alvesvic443186, z-value: 2.29
Removed outlier relógio analógico-alvesvic443186, z-value: 1000000.00
Removed outlier caixeiro viajante-alvesvic443186, z-value: 2.37
Removed outlier batata-doce-alvesvic443186, z-value: 3.36
Removed outlier agente secreto-alvesvic443186, z-value: 3.08
Removed outlier roda gigante-alvesvic443186, z-value: 4.22
Removed outlier fio condutor-alvesvic443186, z-value: 2.56
Removed outlier colégio militar-alvesvic443186, z-value: 2.61
Removed outlier desfile militar-alvesvic443186, z-value: 3.27
Removed outlier café colonial-alvesvic443186, z-value: 2.49
Removed outlier maré alta-alvesvic443186, z-value: 3.19
Removed outlier direitos humanos-scheffel706770, z-value: 2.28
Removed outlier agente secreto-scheffel706770, z-value: 3.04
Removed outlier gripe suína-scheffel706770, z-value: 2.54
Removed outlier arma branca-scheffel706770, z-value: 4.42
Removed outlier acampamento militar-scheffel706770, z-value: 2.34
Removed outlier sistema político-scheffel706770, z-value: 3.97
Removed outlier papel higiênico-scheffel706770, z-value: 4.10
Removed outlier núcleo atômico-scheffel706770, z-value: 4.10
Removed outlier classe executiva-scheffel706770, z-value: 2.84
Removed outlier colégio militar-scheffel706770, z-value: 2.61
Removed outlier centro comercial-scheffel706770, z-value: 2.26
Removed outlier processo seletivo-scheffel706770, z-value: 3.65
Removed outlier cerca viva-scheffel706770, z-value: 2.72
Removed outlier livre-docente-scheffel706770, z-value: 3.35
Removed outlier novo-rico-cenajohn937291, z-value: 2.57
Removed outlier companhia aérea-cenajohn937291, z-value: 3.08
Removed outlier círculo virtuoso-cenajohn937291, z-value: 2.26
Removed outlier alta-costura-cenajohn937291, z-value: 3.25
Removed outlier sangue frio-cenajohn937291, z-value: 2.53
Removed outlier classe executiva-cenajohn937291, z-value: 2.42
Removed outlier juízo final-cenajohn937291, z-value: 2.63
Removed outlier regime político-cenajohn937291, z-value: 3.65
Removed outlier magia negra-cenajohn937291, z-value: 2.25
Removed outlier mau contato-cenajohn937291, z-value: 2.27
Removed outlier golpe baixo-cenajohn937291, z-value: 2.42
Removed outlier buraco negro-cenajohn937291, z-value: 2.32
Removed outlier viva voz-cenajohn937291, z-value: 2.99
Removed outlier ponto fraco-krausema317744, z-value: 2.59
Removed outlier mar aberto-krausema317744, z-value: 2.21
Removed outlier abalo sísmico-krausema317744, z-value: 3.49
Removed outlier água mineral-krausema317744, z-value: 3.22
Removed outlier farinha integral-krausema317744, z-value: 3.18
Removed outlier curto-circuito-krausema317744, z-value: 2.61
Removed outlier juízo final-krausema317744, z-value: 2.23
Removed outlier amor-próprio-krausema317744, z-value: 2.33
Removed outlier efeitos especiais-krausema317744, z-value: 2.29
Removed outlier ficha limpa-krausema317744, z-value: 2.41
Removed outlier batata-doce-krausema317744, z-value: 3.51
Removed outlier sexto sentido-westhell289886, z-value: 2.31
Removed outlier mão-fechada-westhell289886, z-value: 2.63
Removed outlier ato falho-westhell289886, z-value: 3.97
Removed outlier alta temporada-ruyandre639094, z-value: 3.82
Removed outlier livro aberto-ruyandre639094, z-value: 2.84
Removed outlier sentença judicial-ruyandre639094, z-value: 2.27
Removed outlier efeitos especiais-ruyandre639094, z-value: 2.29
Removed outlier navio negreiro-ruyandre639094, z-value: 2.33
Removed outlier guarda-florestal-ruyandre639094, z-value: 2.84
Removed outlier pente fino-leivasfe719701, z-value: 2.36
Removed outlier ovelha negra-leivasfe719701, z-value: 4.53
Removed outlier acampamento militar-leivasfe719701, z-value: 2.34
Removed outlier ano-novo-leivasfe719701, z-value: 2.89
Removed outlier centro espírita-leivasfe719701, z-value: 2.56
Removed outlier mesa-redonda-leivasfe719701, z-value: 2.88
Removed outlier quinta categoria-leivasfe719701, z-value: 2.95
Removed outlier rede social-leivasfe719701, z-value: 2.30
Removed outlier alto-falante-leivasfe719701, z-value: 2.76
Removed outlier lugar-comum-leivasfe719701, z-value: 3.62
Removed outlier mau contato-leivasfe719701, z-value: 2.27
Removed outlier força bruta-cavallip458465, z-value: 2.58
Removed outlier regime político-cavallip458465, z-value: 3.03
Removed outlier puro-sangue-cavallip458465, z-value: 2.23
Removed outlier sinal verde-cavallip458465, z-value: 2.78
Removed outlier vinho branco-cavallip458465, z-value: 2.56
Removed outlier jogo duro-cavallip458465, z-value: 3.97
Removed outlier mau contato-cavallip458465, z-value: 2.24
Removed outlier nó cego-chalvron550713, z-value: 2.60
Removed outlier alto mar-chalvron550713, z-value: 2.47
Removed outlier água doce-chalvron550713, z-value: 2.26
Removed outlier primeira mão-chalvron550713, z-value: 2.89
Removed outlier algodão-doce-chalvron550713, z-value: 2.72
Removed outlier pé quente-chalvron550713, z-value: 3.05
Removed outlier pau-mandado-chalvron550713, z-value: 3.40
Removed outlier príncipe encantado-chalvron550713, z-value: 2.23
Removed outlier acampamento militar-jacobiot433714, z-value: 2.34
Removed outlier mercado negro-sergiluc763007, z-value: 2.52
Removed outlier saia justa-sergiluc763007, z-value: 2.55
Removed outlier exame clínico-sergiluc763007, z-value: 2.49
Removed outlier olho gordo-sergiluc763007, z-value: 3.20
Removed outlier pão-duro-ramischc677629, z-value: 3.93
Removed outlier magia negra-jantsch-456695, z-value: 2.63
Removed outlier voto secreto-jantsch-456695, z-value: 4.91
Removed outlier tempo real-jantsch-456695, z-value: 3.71
Removed outlier mau-humor-jantsch-456695, z-value: 3.06
Removed outlier navio negreiro-jantsch-456695, z-value: 2.33
Removed outlier ponto fraco-jantsch-456695, z-value: 2.59
Removed outlier trabalho escravo-jantsch-456695, z-value: 2.61
Removed outlier gatos-pingados-bohnenbe641049, z-value: 2.87
Removed outlier roleta russa-bohnenbe641049, z-value: 2.46
Removed outlier carne branca-bohnenbe641049, z-value: 5.39
Removed outlier pau-mandado-bohnenbe641049, z-value: 2.89
Removed outlier alarme falso-bohnenbe641049, z-value: 2.26
Removed outlier bebida alcoólica-bohnenbe641049, z-value: 6.40
Removed outlier amor-próprio-bohnenbe641049, z-value: 2.30
Removed outlier mau-humor-bohnenbe641049, z-value: 2.47
Removed outlier coluna social-bohnenbe641049, z-value: 2.33
Removed outlier governo federal-bohnenbe641049, z-value: 3.87
Removed outlier sinal verde-loureiro122762, z-value: 3.02
Removed outlier câmara fria-loureiro122762, z-value: 1000000.00
Removed outlier olho mágico-loureiro122762, z-value: 2.45
Removed outlier caixa-preta-loureiro122762, z-value: 2.73
Removed outlier sentença judicial-tomazima801780, z-value: 2.25
Removed outlier juízo final-tomazima801780, z-value: 2.23
Removed outlier exames laboratoriais-tomazima801780, z-value: 3.32
Removed outlier arma branca-tomazima801780, z-value: 4.42
Removed outlier segundas intenções-tomazima801780, z-value: 4.02
Removed outlier exame clínico-tomazima801780, z-value: 2.49
Removed outlier mau-humor-tomazima801780, z-value: 2.47
Removed outlier ano-novo-lessinge640273, z-value: 2.45
Removed outlier vôo doméstico-lessinge640273, z-value: 2.56
Removed outlier tartaruga-marinha-lessinge640273, z-value: 2.64
Removed outlier sistema político-moitagab164359, z-value: 4.66
Removed outlier ar condicionado-moitagab164359, z-value: 2.27
Removed outlier pau-mandado-moitagab164359, z-value: 2.89
Removed outlier mercado negro-moitagab164359, z-value: 2.71
Removed 569/5913 (9.62%) outliers


Removing all 65 annotations of timm-do-770267, rho=0.359488712952 on headmodifier
Removing all 8 annotations of timmaugu172991, rho=0.485268972027 on headmodifier
Removing all 5 annotations of wolfartm829091, rho=-0.158113883008 on modifier
Removing all 18 annotations of silva-de656194, rho=0.446305223406 on headmodifier
Removing all 20 annotations of lopesbet380296, rho=0.483587399629 on headmodifier
Removing all 24 annotations of alvesvic300010, rho=0.479515707941 on head
Removing all 5 annotations of weschenf713864, rho=0.0 on headmodifier
Removed 145/5344 (2.71%) answers of 7/101 (6.93%) annotators

Average rho with average of others:
  * headmodifier: 0.72
  * head: 0.75
  * modifier: 0.73
Data retention rate 5199/5913: 87.92%
Total equivalents: 6881
